<?xml version="1.0" encoding="UTF-8"?>
<!-- Generated by org.testng.reporters.JUnitReportReporter -->
<testsuite hostname="DESKTOP-LLRELV1" failures="0" tests="5" name="TestScript.InvalidLoginTest" time="5.900" errors="0" timestamp="16 Jan 2025 13:02:31 GMT" skipped="0">
  <testcase classname="TestScript.InvalidLoginTest" name="invalidLogin" time="1.006"/>
  <testcase classname="TestScript.InvalidLoginTest" name="invalidLogin" time="1.030"/>
  <testcase classname="TestScript.InvalidLoginTest" name="invalidLogin" time="1.058"/>
  <testcase classname="TestScript.InvalidLoginTest" name="invalidLogin" time="1.548"/>
  <testcase classname="TestScript.InvalidLoginTest" name="invalidLogin" time="1.258"/>
</testsuite> <!-- TestScript.InvalidLoginTest -->
