<?xml version="1.0" encoding="UTF-8"?>
<!-- Generated by org.testng.reporters.JUnitReportReporter -->
<testsuite hostname="DESKTOP-LLRELV1" failures="0" tests="1" name="TestScript.RegisterTest" time="1.785" errors="0" timestamp="16 Jan 2025 13:02:31 GMT" skipped="0">
  <testcase classname="TestScript.RegisterTest" name="register" time="1.785"/>
</testsuite> <!-- TestScript.RegisterTest -->
