<?xml version="1.0" encoding="UTF-8"?>
<!-- Generated by org.testng.reporters.JUnitReportReporter -->
<testsuite hostname="DESKTOP-LLRELV1" failures="0" tests="1" name="TestScript.DisplayProductBasedOnConditions" time="0.383" errors="0" timestamp="14 Jan 2025 13:41:34 GMT" skipped="0">
  <testcase classname="TestScript.DisplayProductBasedOnConditions" name="printProductPrice" time="0.383"/>
</testsuite> <!-- TestScript.DisplayProductBasedOnConditions -->
