<?xml version="1.0" encoding="UTF-8"?>
<!-- Generated by org.testng.reporters.JUnitReportReporter -->
<testsuite hostname="DESKTOP-LLRELV1" failures="0" tests="1" name="TestScript.VerifySortFunctionaltity" time="1.984" errors="0" timestamp="14 Jan 2025 13:28:29 GMT" skipped="0">
  <testcase classname="TestScript.VerifySortFunctionaltity" name="printProductPrice" time="1.984"/>
</testsuite> <!-- TestScript.VerifySortFunctionaltity -->
