<?xml version="1.0" encoding="UTF-8"?>
<!-- Generated by org.testng.reporters.JUnitReportReporter -->
<testsuite hostname="DESKTOP-LLRELV1" failures="0" tests="1" name="TestScript.SearchTest" time="1.227" errors="0" timestamp="14 Jan 2025 13:01:53 GMT" skipped="0">
  <testcase classname="TestScript.SearchTest" name="searchProductTestScript" time="1.227"/>
</testsuite> <!-- TestScript.SearchTest -->
