<?xml version="1.0" encoding="UTF-8"?>
<!-- Generated by org.testng.reporters.JUnitReportReporter -->
<testsuite hostname="DESKTOP-LLRELV1" failures="0" tests="1" name="TestScript.LoginTest" time="2.026" errors="0" timestamp="16 Jan 2025 13:02:31 GMT" skipped="0">
  <testcase classname="TestScript.LoginTest" name="login" time="2.026"/>
</testsuite> <!-- TestScript.LoginTest -->
